<?xml version="1.0" encoding="UTF-8"?>
<!-- Generated by org.testng.reporters.JUnitXMLReporter -->
<testsuite ignored="0" hostname="LAPTOP-97997S4T" failures="0" tests="22" name="Test" time="27.785" errors="0" timestamp="31 Jan 2022 21:15:15 GMT">
  <testcase classname="com.ilab.opensource_assessment.Login" name="login" time="2.355"/>
  <testcase classname="com.ilab.opensource_assessment.Login" name="login" time="5.776"/>
  <testcase classname="com.ilab.opensource_assessment.Login" name="validation1" time="0.008"/>
  <testcase classname="com.ilab.opensource_assessment.Login" name="validation2" time="0.032"/>
  <testcase classname="com.ilab.opensource_assessment.Login" name="validation3" time="0.026"/>
  <testcase classname="com.ilab.opensource_assessment.AdminNavigation" name="NavigateToAdmin" time="2.31"/>
  <testcase classname="com.ilab.opensource_assessment.AdminNavigation" name="validation1" time="0.006"/>
  <testcase classname="com.ilab.opensource_assessment.AdminNavigation" name="validation2" time="0.039"/>
  <testcase classname="com.ilab.opensource_assessment.AddUser" name="add" time="1.099"/>
  <testcase classname="com.ilab.opensource_assessment.AddUser" name="validation1" time="0.006"/>
  <testcase classname="com.ilab.opensource_assessment.AddUser" name="validation2" time="0.024"/>
  <testcase classname="com.ilab.opensource_assessment.AddUser" name="inputdata" time="3.516"/>
  <testcase classname="com.ilab.opensource_assessment.SearchUser" name="Search" time="2.752"/>
  <testcase classname="com.ilab.opensource_assessment.SearchUser" name="Validation1" time="0.026"/>
  <testcase classname="com.ilab.opensource_assessment.SearchUser" name="Validation2" time="0.016"/>
  <testcase classname="com.ilab.opensource_assessment.SearchUser" name="Validation3" time="0.016"/>
  <testcase classname="com.ilab.opensource_assessment.DeleteUser" name="DeleteSelectedUser" time="1.535"/>
  <testcase classname="com.ilab.opensource_assessment.SearchUserDeleted" name="SearchDeletedUser" time="0.776"/>
  <testcase classname="com.ilab.opensource_assessment.SearchUserDeleted" name="Validation1" time="0.018"/>
  <testcase classname="com.ilab.opensource_assessment.UserLogout" name="Logout" time="1.72"/>
  <testcase classname="com.ilab.opensource_assessment.UserLogout" name="Validation1" time="0.021"/>
  <testcase classname="com.ilab.opensource_assessment.UserLogout" name="Validation2" time="0.005"/>
</testsuite> <!-- Test -->
